{"C:\\Users\\danil\\Desktop\\фронтенд\\stellar-burgers\\src\\services\\slices\\constructorSlice.ts": {"path":"C:\\Users\\danil\\Desktop\\фронтенд\\stellar-burgers\\src\\services\\slices\\constructorSlice.ts","statementMap":{"0":{"start":{"line":1,"column":0},"end":{"line":1,"column":70}},"1":{"start":{"line":9,"column":39},"end":{"line":12,"column":2}},"2":{"start":{"line":14,"column":25},"end":{"line":56,"column":2}},"3":{"start":{"line":20,"column":8},"end":{"line":24,"column":9}},"4":{"start":{"line":21,"column":10},"end":{"line":21,"column":37}},"5":{"start":{"line":23,"column":10},"end":{"line":23,"column":49}},"6":{"start":{"line":26,"column":44},"end":{"line":28,"column":null}},"7":{"start":{"line":31,"column":6},"end":{"line":33,"column":8}},"8":{"start":{"line":32,"column":18},"end":{"line":32,"column":null}},"9":{"start":{"line":36,"column":20},"end":{"line":36,"column":34}},"10":{"start":{"line":37,"column":6},"end":{"line":41,"column":7}},"11":{"start":{"line":38,"column":21},"end":{"line":38,"column":45}},"12":{"start":{"line":39,"column":8},"end":{"line":39,"column":64}},"13":{"start":{"line":40,"column":8},"end":{"line":40,"column":44}},"14":{"start":{"line":44,"column":20},"end":{"line":44,"column":34}},"15":{"start":{"line":45,"column":6},"end":{"line":49,"column":7}},"16":{"start":{"line":46,"column":21},"end":{"line":46,"column":45}},"17":{"start":{"line":47,"column":8},"end":{"line":47,"column":64}},"18":{"start":{"line":48,"column":8},"end":{"line":48,"column":44}},"19":{"start":{"line":52,"column":6},"end":{"line":52,"column":23}},"20":{"start":{"line":53,"column":6},"end":{"line":53,"column":29}},"21":{"start":{"line":59,"column":2},"end":{"line":63,"column":null}},"22":{"start":{"line":66,"column":0},"end":{"line":66,"column":40}}},"fnMap":{"0":{"name":"(anonymous_2)","decl":{"start":{"line":19,"column":15},"end":{"line":19,"column":16}},"loc":{"start":{"line":19,"column":68},"end":{"line":25,"column":7}}},"1":{"name":"(anonymous_3)","decl":{"start":{"line":26,"column":15},"end":{"line":26,"column":16}},"loc":{"start":{"line":26,"column":39},"end":{"line":26,"column":45}}},"2":{"name":"(anonymous_4)","decl":{"start":{"line":30,"column":22},"end":{"line":30,"column":23}},"loc":{"start":{"line":30,"column":59},"end":{"line":34,"column":5}}},"3":{"name":"(anonymous_5)","decl":{"start":{"line":32,"column":8},"end":{"line":32,"column":9}},"loc":{"start":{"line":32,"column":13},"end":{"line":32,"column":22}}},"4":{"name":"(anonymous_6)","decl":{"start":{"line":35,"column":22},"end":{"line":35,"column":23}},"loc":{"start":{"line":35,"column":59},"end":{"line":42,"column":5}}},"5":{"name":"(anonymous_7)","decl":{"start":{"line":43,"column":24},"end":{"line":43,"column":25}},"loc":{"start":{"line":43,"column":61},"end":{"line":50,"column":5}}},"6":{"name":"(anonymous_8)","decl":{"start":{"line":51,"column":22},"end":{"line":51,"column":23}},"loc":{"start":{"line":51,"column":28},"end":{"line":54,"column":5}}}},"branchMap":{"0":{"loc":{"start":{"line":20,"column":8},"end":{"line":24,"column":9}},"type":"if","locations":[{"start":{"line":20,"column":8},"end":{"line":24,"column":9}},{"start":{"line":22,"column":15},"end":{"line":24,"column":9}}]},"1":{"loc":{"start":{"line":37,"column":6},"end":{"line":41,"column":7}},"type":"if","locations":[{"start":{"line":37,"column":6},"end":{"line":41,"column":7}}]},"2":{"loc":{"start":{"line":45,"column":6},"end":{"line":49,"column":7}},"type":"if","locations":[{"start":{"line":45,"column":6},"end":{"line":49,"column":7}}]}},"s":{"0":1,"1":1,"2":1,"3":9,"4":2,"5":7,"6":9,"7":1,"8":1,"9":1,"10":1,"11":1,"12":1,"13":1,"14":1,"15":1,"16":1,"17":1,"18":1,"19":1,"20":1,"21":1,"22":1},"f":{"0":9,"1":9,"2":1,"3":1,"4":1,"5":1,"6":1},"b":{"0":[2,7],"1":[1],"2":[1]}}
,"C:\\Users\\danil\\Desktop\\фронтенд\\stellar-burgers\\src\\services\\slices\\feedSlice.ts": {"path":"C:\\Users\\danil\\Desktop\\фронтенд\\stellar-burgers\\src\\services\\slices\\feedSlice.ts","statementMap":{"0":{"start":{"line":2,"column":0},"end":{"line":2,"column":80}},"1":{"start":{"line":3,"column":0},"end":{"line":3,"column":88}},"2":{"start":{"line":18,"column":32},"end":{"line":28,"column":2}},"3":{"start":{"line":31,"column":13},"end":{"line":34,"column":3}},"4":{"start":{"line":31,"column":62},"end":{"line":34,"column":2}},"5":{"start":{"line":32,"column":19},"end":{"line":32,"column":null}},"6":{"start":{"line":32,"column":8},"end":{"line":32,"column":null}},"7":{"start":{"line":33,"column":2},"end":{"line":33,"column":18}},"8":{"start":{"line":36,"column":13},"end":{"line":42,"column":2}},"9":{"start":{"line":38,"column":2},"end":{"line":41,"column":null}},"10":{"start":{"line":39,"column":19},"end":{"line":39,"column":null}},"11":{"start":{"line":39,"column":10},"end":{"line":39,"column":null}},"12":{"start":{"line":40,"column":4},"end":{"line":40,"column":18}},"13":{"start":{"line":45,"column":13},"end":{"line":54,"column":2}},"14":{"start":{"line":47,"column":23},"end":{"line":53,"column":null}},"15":{"start":{"line":48,"column":21},"end":{"line":48,"column":null}},"16":{"start":{"line":48,"column":10},"end":{"line":48,"column":null}},"17":{"start":{"line":49,"column":4},"end":{"line":51,"column":5}},"18":{"start":{"line":50,"column":6},"end":{"line":50,"column":32}},"19":{"start":{"line":52,"column":4},"end":{"line":52,"column":39}},"20":{"start":{"line":56,"column":18},"end":{"line":117,"column":2}},"21":{"start":{"line":61,"column":6},"end":{"line":61,"column":32}},"22":{"start":{"line":62,"column":6},"end":{"line":62,"column":40}},"23":{"start":{"line":63,"column":6},"end":{"line":63,"column":25}},"24":{"start":{"line":67,"column":4},"end":{"line":115,"column":9}},"25":{"start":{"line":70,"column":8},"end":{"line":70,"column":29}},"26":{"start":{"line":71,"column":8},"end":{"line":71,"column":27}},"27":{"start":{"line":74,"column":8},"end":{"line":74,"column":30}},"28":{"start":{"line":75,"column":8},"end":{"line":75,"column":51}},"29":{"start":{"line":76,"column":8},"end":{"line":76,"column":43}},"30":{"start":{"line":77,"column":8},"end":{"line":77,"column":53}},"31":{"start":{"line":80,"column":8},"end":{"line":80,"column":30}},"32":{"start":{"line":81,"column":8},"end":{"line":81,"column":78}},"33":{"start":{"line":84,"column":8},"end":{"line":84,"column":39}},"34":{"start":{"line":85,"column":8},"end":{"line":85,"column":27}},"35":{"start":{"line":90,"column":10},"end":{"line":90,"column":42}},"36":{"start":{"line":91,"column":10},"end":{"line":91,"column":44}},"37":{"start":{"line":95,"column":8},"end":{"line":95,"column":40}},"38":{"start":{"line":96,"column":8},"end":{"line":96,"column":72}},"39":{"start":{"line":100,"column":8},"end":{"line":100,"column":41}},"40":{"start":{"line":101,"column":8},"end":{"line":101,"column":34}},"41":{"start":{"line":102,"column":8},"end":{"line":102,"column":27}},"42":{"start":{"line":107,"column":10},"end":{"line":107,"column":44}},"43":{"start":{"line":108,"column":10},"end":{"line":108,"column":46}},"44":{"start":{"line":112,"column":8},"end":{"line":112,"column":42}},"45":{"start":{"line":113,"column":8},"end":{"line":113,"column":34}},"46":{"start":{"line":114,"column":8},"end":{"line":114,"column":71}},"47":{"start":{"line":119,"column":15},"end":{"line":119,"column":55}},"48":{"start":{"line":120,"column":0},"end":{"line":120,"column":33}}},"fnMap":{"0":{"name":"(anonymous_13)","decl":{"start":{"line":31,"column":62},"end":{"line":31,"column":null}},"loc":{"start":{"line":31,"column":62},"end":{"line":34,"column":2}}},"1":{"name":"(anonymous_16)","decl":{"start":{"line":38,"column":2},"end":{"line":38,"column":null}},"loc":{"start":{"line":38,"column":2},"end":{"line":41,"column":null}}},"2":{"name":"(anonymous_19)","decl":{"start":{"line":47,"column":2},"end":{"line":47,"column":9}},"loc":{"start":{"line":47,"column":23},"end":{"line":53,"column":null}}},"3":{"name":"(anonymous_20)","decl":{"start":{"line":47,"column":23},"end":{"line":47,"column":null}},"loc":{"start":{"line":47,"column":23},"end":{"line":53,"column":null}}},"4":{"name":"(anonymous_22)","decl":{"start":{"line":60,"column":23},"end":{"line":60,"column":24}},"loc":{"start":{"line":60,"column":29},"end":{"line":64,"column":5}}},"5":{"name":"(anonymous_23)","decl":{"start":{"line":66,"column":17},"end":{"line":66,"column":18}},"loc":{"start":{"line":66,"column":25},"end":{"line":116,"column":3}}},"6":{"name":"(anonymous_24)","decl":{"start":{"line":69,"column":35},"end":{"line":69,"column":36}},"loc":{"start":{"line":69,"column":41},"end":{"line":72,"column":7}}},"7":{"name":"(anonymous_25)","decl":{"start":{"line":73,"column":37},"end":{"line":73,"column":38}},"loc":{"start":{"line":73,"column":51},"end":{"line":78,"column":7}}},"8":{"name":"(anonymous_26)","decl":{"start":{"line":79,"column":36},"end":{"line":79,"column":37}},"loc":{"start":{"line":79,"column":50},"end":{"line":82,"column":7}}},"9":{"name":"(anonymous_27)","decl":{"start":{"line":83,"column":40},"end":{"line":83,"column":41}},"loc":{"start":{"line":83,"column":46},"end":{"line":86,"column":7}}},"10":{"name":"(anonymous_28)","decl":{"start":{"line":89,"column":8},"end":{"line":89,"column":9}},"loc":{"start":{"line":89,"column":47},"end":{"line":92,"column":9}}},"11":{"name":"(anonymous_29)","decl":{"start":{"line":94,"column":41},"end":{"line":94,"column":42}},"loc":{"start":{"line":94,"column":55},"end":{"line":97,"column":7}}},"12":{"name":"(anonymous_30)","decl":{"start":{"line":99,"column":43},"end":{"line":99,"column":44}},"loc":{"start":{"line":99,"column":49},"end":{"line":103,"column":7}}},"13":{"name":"(anonymous_31)","decl":{"start":{"line":106,"column":8},"end":{"line":106,"column":9}},"loc":{"start":{"line":106,"column":45},"end":{"line":109,"column":9}}},"14":{"name":"(anonymous_32)","decl":{"start":{"line":111,"column":44},"end":{"line":111,"column":45}},"loc":{"start":{"line":111,"column":58},"end":{"line":115,"column":7}}}},"branchMap":{"0":{"loc":{"start":{"line":32,"column":19},"end":{"line":32,"column":null}},"type":"switch","locations":[{"start":{"line":32,"column":19},"end":{"line":32,"column":null}}]},"1":{"loc":{"start":{"line":39,"column":19},"end":{"line":39,"column":null}},"type":"switch","locations":[{"start":{"line":39,"column":19},"end":{"line":39,"column":null}}]},"2":{"loc":{"start":{"line":48,"column":21},"end":{"line":48,"column":null}},"type":"switch","locations":[{"start":{"line":48,"column":21},"end":{"line":48,"column":null}}]},"3":{"loc":{"start":{"line":49,"column":4},"end":{"line":51,"column":5}},"type":"if","locations":[{"start":{"line":49,"column":4},"end":{"line":51,"column":5}}]},"4":{"loc":{"start":{"line":49,"column":8},"end":{"line":49,"column":50}},"type":"binary-expr","locations":[{"start":{"line":49,"column":8},"end":{"line":49,"column":24}},{"start":{"line":49,"column":28},"end":{"line":49,"column":50}}]},"5":{"loc":{"start":{"line":81,"column":22},"end":{"line":81,"column":77}},"type":"binary-expr","locations":[{"start":{"line":81,"column":22},"end":{"line":81,"column":42}},{"start":{"line":81,"column":46},"end":{"line":81,"column":77}}]},"6":{"loc":{"start":{"line":96,"column":22},"end":{"line":96,"column":71}},"type":"binary-expr","locations":[{"start":{"line":96,"column":22},"end":{"line":96,"column":42}},{"start":{"line":96,"column":46},"end":{"line":96,"column":71}}]},"7":{"loc":{"start":{"line":114,"column":22},"end":{"line":114,"column":70}},"type":"binary-expr","locations":[{"start":{"line":114,"column":22},"end":{"line":114,"column":42}},{"start":{"line":114,"column":46},"end":{"line":114,"column":70}}]}},"s":{"0":1,"1":1,"2":1,"3":1,"4":0,"5":0,"6":0,"7":0,"8":1,"9":0,"10":0,"11":0,"12":0,"13":1,"14":0,"15":0,"16":0,"17":0,"18":0,"19":0,"20":1,"21":1,"22":1,"23":1,"24":1,"25":1,"26":1,"27":1,"28":1,"29":1,"30":1,"31":0,"32":0,"33":0,"34":0,"35":1,"36":1,"37":0,"38":0,"39":1,"40":1,"41":1,"42":1,"43":1,"44":0,"45":0,"46":0,"47":1,"48":1},"f":{"0":0,"1":0,"2":0,"3":0,"4":1,"5":1,"6":1,"7":1,"8":0,"9":0,"10":1,"11":0,"12":1,"13":1,"14":0},"b":{"0":[0],"1":[0],"2":[0],"3":[0],"4":[0,0],"5":[0,0],"6":[0,0],"7":[0,0]}}
,"C:\\Users\\danil\\Desktop\\фронтенд\\stellar-burgers\\src\\services\\slices\\ingredientsSlice.ts": {"path":"C:\\Users\\danil\\Desktop\\фронтенд\\stellar-burgers\\src\\services\\slices\\ingredientsSlice.ts","statementMap":{"0":{"start":{"line":1,"column":0},"end":{"line":1,"column":80}},"1":{"start":{"line":2,"column":0},"end":{"line":2,"column":59}},"2":{"start":{"line":11,"column":39},"end":{"line":15,"column":2}},"3":{"start":{"line":17,"column":13},"end":{"line":23,"column":2}},"4":{"start":{"line":19,"column":2},"end":{"line":22,"column":null}},"5":{"start":{"line":20,"column":21},"end":{"line":20,"column":null}},"6":{"start":{"line":20,"column":10},"end":{"line":20,"column":null}},"7":{"start":{"line":21,"column":4},"end":{"line":21,"column":20}},"8":{"start":{"line":25,"column":25},"end":{"line":47,"column":2}},"9":{"start":{"line":30,"column":4},"end":{"line":45,"column":9}},"10":{"start":{"line":32,"column":8},"end":{"line":32,"column":29}},"11":{"start":{"line":33,"column":8},"end":{"line":33,"column":27}},"12":{"start":{"line":38,"column":10},"end":{"line":38,"column":32}},"13":{"start":{"line":39,"column":10},"end":{"line":39,"column":38}},"14":{"start":{"line":43,"column":8},"end":{"line":43,"column":30}},"15":{"start":{"line":44,"column":8},"end":{"line":44,"column":77}},"16":{"start":{"line":49,"column":0},"end":{"line":49,"column":40}}},"fnMap":{"0":{"name":"(anonymous_13)","decl":{"start":{"line":19,"column":2},"end":{"line":19,"column":null}},"loc":{"start":{"line":19,"column":2},"end":{"line":22,"column":null}}},"1":{"name":"(anonymous_16)","decl":{"start":{"line":29,"column":17},"end":{"line":29,"column":18}},"loc":{"start":{"line":29,"column":25},"end":{"line":46,"column":3}}},"2":{"name":"(anonymous_17)","decl":{"start":{"line":31,"column":41},"end":{"line":31,"column":42}},"loc":{"start":{"line":31,"column":47},"end":{"line":34,"column":7}}},"3":{"name":"(anonymous_18)","decl":{"start":{"line":37,"column":8},"end":{"line":37,"column":9}},"loc":{"start":{"line":37,"column":52},"end":{"line":40,"column":9}}},"4":{"name":"(anonymous_19)","decl":{"start":{"line":42,"column":42},"end":{"line":42,"column":43}},"loc":{"start":{"line":42,"column":56},"end":{"line":45,"column":7}}}},"branchMap":{"0":{"loc":{"start":{"line":20,"column":21},"end":{"line":20,"column":null}},"type":"switch","locations":[{"start":{"line":20,"column":21},"end":{"line":20,"column":null}}]},"1":{"loc":{"start":{"line":44,"column":22},"end":{"line":44,"column":76}},"type":"binary-expr","locations":[{"start":{"line":44,"column":22},"end":{"line":44,"column":42}},{"start":{"line":44,"column":46},"end":{"line":44,"column":76}}]}},"s":{"0":1,"1":1,"2":1,"3":1,"4":0,"5":0,"6":0,"7":0,"8":1,"9":1,"10":1,"11":1,"12":1,"13":1,"14":1,"15":1,"16":1},"f":{"0":0,"1":1,"2":1,"3":1,"4":1},"b":{"0":[0],"1":[1,0]}}
,"C:\\Users\\danil\\Desktop\\фронтенд\\stellar-burgers\\src\\services\\slices\\ordersSlice.ts": {"path":"C:\\Users\\danil\\Desktop\\фронтенд\\stellar-burgers\\src\\services\\slices\\ordersSlice.ts","statementMap":{"0":{"start":{"line":1,"column":0},"end":{"line":1,"column":80}},"1":{"start":{"line":2,"column":0},"end":{"line":2,"column":56}},"2":{"start":{"line":11,"column":34},"end":{"line":15,"column":2}},"3":{"start":{"line":17,"column":13},"end":{"line":33,"column":2}},"4":{"start":{"line":19,"column":23},"end":{"line":32,"column":null}},"5":{"start":{"line":20,"column":21},"end":{"line":20,"column":null}},"6":{"start":{"line":20,"column":10},"end":{"line":20,"column":null}},"7":{"start":{"line":22,"column":10},"end":{"line":30,"column":6}},"8":{"start":{"line":31,"column":4},"end":{"line":31,"column":17}},"9":{"start":{"line":35,"column":20},"end":{"line":61,"column":2}},"10":{"start":{"line":40,"column":6},"end":{"line":40,"column":34}},"11":{"start":{"line":44,"column":4},"end":{"line":59,"column":9}},"12":{"start":{"line":46,"column":8},"end":{"line":46,"column":34}},"13":{"start":{"line":47,"column":8},"end":{"line":47,"column":27}},"14":{"start":{"line":52,"column":10},"end":{"line":52,"column":37}},"15":{"start":{"line":53,"column":10},"end":{"line":53,"column":48}},"16":{"start":{"line":57,"column":8},"end":{"line":57,"column":35}},"17":{"start":{"line":58,"column":8},"end":{"line":58,"column":71}},"18":{"start":{"line":63,"column":15},"end":{"line":63,"column":55}},"19":{"start":{"line":64,"column":0},"end":{"line":64,"column":35}}},"fnMap":{"0":{"name":"(anonymous_13)","decl":{"start":{"line":19,"column":2},"end":{"line":19,"column":9}},"loc":{"start":{"line":19,"column":23},"end":{"line":32,"column":null}}},"1":{"name":"(anonymous_14)","decl":{"start":{"line":19,"column":23},"end":{"line":19,"column":null}},"loc":{"start":{"line":19,"column":23},"end":{"line":32,"column":null}}},"2":{"name":"(anonymous_16)","decl":{"start":{"line":39,"column":21},"end":{"line":39,"column":22}},"loc":{"start":{"line":39,"column":27},"end":{"line":41,"column":5}}},"3":{"name":"(anonymous_17)","decl":{"start":{"line":43,"column":17},"end":{"line":43,"column":18}},"loc":{"start":{"line":43,"column":25},"end":{"line":60,"column":3}}},"4":{"name":"(anonymous_18)","decl":{"start":{"line":45,"column":36},"end":{"line":45,"column":37}},"loc":{"start":{"line":45,"column":42},"end":{"line":48,"column":7}}},"5":{"name":"(anonymous_19)","decl":{"start":{"line":51,"column":8},"end":{"line":51,"column":9}},"loc":{"start":{"line":51,"column":45},"end":{"line":54,"column":9}}},"6":{"name":"(anonymous_20)","decl":{"start":{"line":56,"column":37},"end":{"line":56,"column":38}},"loc":{"start":{"line":56,"column":51},"end":{"line":59,"column":7}}}},"branchMap":{"0":{"loc":{"start":{"line":20,"column":21},"end":{"line":20,"column":null}},"type":"switch","locations":[{"start":{"line":20,"column":21},"end":{"line":20,"column":null}}]},"1":{"loc":{"start":{"line":58,"column":22},"end":{"line":58,"column":70}},"type":"binary-expr","locations":[{"start":{"line":58,"column":22},"end":{"line":58,"column":42}},{"start":{"line":58,"column":46},"end":{"line":58,"column":70}}]}},"s":{"0":1,"1":1,"2":1,"3":1,"4":0,"5":0,"6":0,"7":0,"8":0,"9":1,"10":1,"11":1,"12":1,"13":1,"14":1,"15":1,"16":1,"17":1,"18":1,"19":1},"f":{"0":0,"1":0,"2":1,"3":1,"4":1,"5":1,"6":1},"b":{"0":[0],"1":[1,0]}}
,"C:\\Users\\danil\\Desktop\\фронтенд\\stellar-burgers\\src\\services\\slices\\userSlice.ts": {"path":"C:\\Users\\danil\\Desktop\\фронтенд\\stellar-burgers\\src\\services\\slices\\userSlice.ts","statementMap":{"0":{"start":{"line":1,"column":0},"end":{"line":1,"column":80}},"1":{"start":{"line":2,"column":0},"end":{"line":2,"column":null}},"2":{"start":{"line":12,"column":0},"end":{"line":12,"column":61}},"3":{"start":{"line":23,"column":32},"end":{"line":30,"column":2}},"4":{"start":{"line":32,"column":13},"end":{"line":40,"column":2}},"5":{"start":{"line":34,"column":25},"end":{"line":39,"column":null}},"6":{"start":{"line":35,"column":21},"end":{"line":35,"column":null}},"7":{"start":{"line":35,"column":10},"end":{"line":35,"column":null}},"8":{"start":{"line":36,"column":4},"end":{"line":36,"column":64}},"9":{"start":{"line":37,"column":4},"end":{"line":37,"column":51}},"10":{"start":{"line":38,"column":4},"end":{"line":38,"column":25}},"11":{"start":{"line":42,"column":13},"end":{"line":50,"column":2}},"12":{"start":{"line":44,"column":28},"end":{"line":49,"column":null}},"13":{"start":{"line":45,"column":21},"end":{"line":45,"column":null}},"14":{"start":{"line":45,"column":10},"end":{"line":45,"column":null}},"15":{"start":{"line":46,"column":4},"end":{"line":46,"column":64}},"16":{"start":{"line":47,"column":4},"end":{"line":47,"column":51}},"17":{"start":{"line":48,"column":4},"end":{"line":48,"column":25}},"18":{"start":{"line":52,"column":13},"end":{"line":55,"column":3}},"19":{"start":{"line":52,"column":56},"end":{"line":55,"column":2}},"20":{"start":{"line":53,"column":19},"end":{"line":53,"column":null}},"21":{"start":{"line":53,"column":8},"end":{"line":53,"column":null}},"22":{"start":{"line":54,"column":2},"end":{"line":54,"column":23}},"23":{"start":{"line":57,"column":13},"end":{"line":63,"column":2}},"24":{"start":{"line":59,"column":37},"end":{"line":62,"column":null}},"25":{"start":{"line":60,"column":21},"end":{"line":60,"column":null}},"26":{"start":{"line":60,"column":10},"end":{"line":60,"column":null}},"27":{"start":{"line":61,"column":4},"end":{"line":61,"column":25}},"28":{"start":{"line":65,"column":13},"end":{"line":70,"column":3}},"29":{"start":{"line":65,"column":54},"end":{"line":70,"column":2}},"30":{"start":{"line":66,"column":19},"end":{"line":66,"column":null}},"31":{"start":{"line":66,"column":8},"end":{"line":66,"column":null}},"32":{"start":{"line":67,"column":2},"end":{"line":67,"column":42}},"33":{"start":{"line":68,"column":2},"end":{"line":68,"column":30}},"34":{"start":{"line":69,"column":2},"end":{"line":69,"column":18}},"35":{"start":{"line":72,"column":18},"end":{"line":140,"column":2}},"36":{"start":{"line":77,"column":6},"end":{"line":77,"column":43}},"37":{"start":{"line":81,"column":4},"end":{"line":138,"column":9}},"38":{"start":{"line":83,"column":8},"end":{"line":83,"column":38}},"39":{"start":{"line":84,"column":8},"end":{"line":84,"column":27}},"40":{"start":{"line":87,"column":8},"end":{"line":87,"column":39}},"41":{"start":{"line":88,"column":8},"end":{"line":88,"column":36}},"42":{"start":{"line":89,"column":8},"end":{"line":89,"column":35}},"43":{"start":{"line":92,"column":8},"end":{"line":92,"column":39}},"44":{"start":{"line":93,"column":8},"end":{"line":93,"column":61}},"45":{"start":{"line":96,"column":8},"end":{"line":96,"column":41}},"46":{"start":{"line":97,"column":8},"end":{"line":97,"column":27}},"47":{"start":{"line":102,"column":10},"end":{"line":102,"column":44}},"48":{"start":{"line":103,"column":10},"end":{"line":103,"column":38}},"49":{"start":{"line":104,"column":10},"end":{"line":104,"column":37}},"50":{"start":{"line":108,"column":8},"end":{"line":108,"column":42}},"51":{"start":{"line":109,"column":8},"end":{"line":109,"column":67}},"52":{"start":{"line":112,"column":8},"end":{"line":112,"column":36}},"53":{"start":{"line":115,"column":8},"end":{"line":115,"column":36}},"54":{"start":{"line":116,"column":8},"end":{"line":116,"column":35}},"55":{"start":{"line":119,"column":8},"end":{"line":119,"column":26}},"56":{"start":{"line":120,"column":8},"end":{"line":120,"column":35}},"57":{"start":{"line":123,"column":8},"end":{"line":123,"column":39}},"58":{"start":{"line":124,"column":8},"end":{"line":124,"column":27}},"59":{"start":{"line":127,"column":8},"end":{"line":127,"column":40}},"60":{"start":{"line":128,"column":8},"end":{"line":128,"column":36}},"61":{"start":{"line":129,"column":8},"end":{"line":129,"column":27}},"62":{"start":{"line":132,"column":8},"end":{"line":132,"column":40}},"63":{"start":{"line":133,"column":8},"end":{"line":133,"column":73}},"64":{"start":{"line":136,"column":8},"end":{"line":136,"column":26}},"65":{"start":{"line":137,"column":8},"end":{"line":137,"column":35}},"66":{"start":{"line":142,"column":15},"end":{"line":142,"column":52}},"67":{"start":{"line":143,"column":0},"end":{"line":143,"column":33}}},"fnMap":{"0":{"name":"(anonymous_13)","decl":{"start":{"line":34,"column":2},"end":{"line":34,"column":9}},"loc":{"start":{"line":34,"column":25},"end":{"line":39,"column":null}}},"1":{"name":"(anonymous_14)","decl":{"start":{"line":34,"column":25},"end":{"line":34,"column":null}},"loc":{"start":{"line":34,"column":25},"end":{"line":39,"column":null}}},"2":{"name":"(anonymous_16)","decl":{"start":{"line":44,"column":2},"end":{"line":44,"column":9}},"loc":{"start":{"line":44,"column":28},"end":{"line":49,"column":null}}},"3":{"name":"(anonymous_17)","decl":{"start":{"line":44,"column":28},"end":{"line":44,"column":null}},"loc":{"start":{"line":44,"column":28},"end":{"line":49,"column":null}}},"4":{"name":"(anonymous_19)","decl":{"start":{"line":52,"column":56},"end":{"line":52,"column":null}},"loc":{"start":{"line":52,"column":56},"end":{"line":55,"column":2}}},"5":{"name":"(anonymous_22)","decl":{"start":{"line":59,"column":2},"end":{"line":59,"column":9}},"loc":{"start":{"line":59,"column":37},"end":{"line":62,"column":null}}},"6":{"name":"(anonymous_23)","decl":{"start":{"line":59,"column":37},"end":{"line":59,"column":null}},"loc":{"start":{"line":59,"column":37},"end":{"line":62,"column":null}}},"7":{"name":"(anonymous_25)","decl":{"start":{"line":65,"column":54},"end":{"line":65,"column":null}},"loc":{"start":{"line":65,"column":54},"end":{"line":70,"column":2}}},"8":{"name":"(anonymous_28)","decl":{"start":{"line":76,"column":20},"end":{"line":76,"column":21}},"loc":{"start":{"line":76,"column":58},"end":{"line":78,"column":5}}},"9":{"name":"(anonymous_29)","decl":{"start":{"line":80,"column":17},"end":{"line":80,"column":18}},"loc":{"start":{"line":80,"column":25},"end":{"line":139,"column":3}}},"10":{"name":"(anonymous_30)","decl":{"start":{"line":82,"column":34},"end":{"line":82,"column":35}},"loc":{"start":{"line":82,"column":40},"end":{"line":85,"column":7}}},"11":{"name":"(anonymous_31)","decl":{"start":{"line":86,"column":36},"end":{"line":86,"column":37}},"loc":{"start":{"line":86,"column":72},"end":{"line":90,"column":7}}},"12":{"name":"(anonymous_32)","decl":{"start":{"line":91,"column":35},"end":{"line":91,"column":36}},"loc":{"start":{"line":91,"column":49},"end":{"line":94,"column":7}}},"13":{"name":"(anonymous_33)","decl":{"start":{"line":95,"column":37},"end":{"line":95,"column":38}},"loc":{"start":{"line":95,"column":43},"end":{"line":98,"column":7}}},"14":{"name":"(anonymous_34)","decl":{"start":{"line":101,"column":8},"end":{"line":101,"column":9}},"loc":{"start":{"line":101,"column":44},"end":{"line":105,"column":9}}},"15":{"name":"(anonymous_35)","decl":{"start":{"line":107,"column":38},"end":{"line":107,"column":39}},"loc":{"start":{"line":107,"column":52},"end":{"line":110,"column":7}}},"16":{"name":"(anonymous_36)","decl":{"start":{"line":111,"column":32},"end":{"line":111,"column":33}},"loc":{"start":{"line":111,"column":38},"end":{"line":113,"column":7}}},"17":{"name":"(anonymous_37)","decl":{"start":{"line":114,"column":34},"end":{"line":114,"column":35}},"loc":{"start":{"line":114,"column":70},"end":{"line":117,"column":7}}},"18":{"name":"(anonymous_38)","decl":{"start":{"line":118,"column":33},"end":{"line":118,"column":34}},"loc":{"start":{"line":118,"column":39},"end":{"line":121,"column":7}}},"19":{"name":"(anonymous_39)","decl":{"start":{"line":122,"column":35},"end":{"line":122,"column":36}},"loc":{"start":{"line":122,"column":41},"end":{"line":125,"column":7}}},"20":{"name":"(anonymous_40)","decl":{"start":{"line":126,"column":37},"end":{"line":126,"column":38}},"loc":{"start":{"line":126,"column":73},"end":{"line":130,"column":7}}},"21":{"name":"(anonymous_41)","decl":{"start":{"line":131,"column":36},"end":{"line":131,"column":37}},"loc":{"start":{"line":131,"column":50},"end":{"line":134,"column":7}}},"22":{"name":"(anonymous_42)","decl":{"start":{"line":135,"column":33},"end":{"line":135,"column":34}},"loc":{"start":{"line":135,"column":39},"end":{"line":138,"column":7}}}},"branchMap":{"0":{"loc":{"start":{"line":35,"column":21},"end":{"line":35,"column":null}},"type":"switch","locations":[{"start":{"line":35,"column":21},"end":{"line":35,"column":null}}]},"1":{"loc":{"start":{"line":45,"column":21},"end":{"line":45,"column":null}},"type":"switch","locations":[{"start":{"line":45,"column":21},"end":{"line":45,"column":null}}]},"2":{"loc":{"start":{"line":53,"column":19},"end":{"line":53,"column":null}},"type":"switch","locations":[{"start":{"line":53,"column":19},"end":{"line":53,"column":null}}]},"3":{"loc":{"start":{"line":60,"column":21},"end":{"line":60,"column":null}},"type":"switch","locations":[{"start":{"line":60,"column":21},"end":{"line":60,"column":null}}]},"4":{"loc":{"start":{"line":66,"column":19},"end":{"line":66,"column":null}},"type":"switch","locations":[{"start":{"line":66,"column":19},"end":{"line":66,"column":null}}]},"5":{"loc":{"start":{"line":93,"column":22},"end":{"line":93,"column":60}},"type":"binary-expr","locations":[{"start":{"line":93,"column":22},"end":{"line":93,"column":42}},{"start":{"line":93,"column":46},"end":{"line":93,"column":60}}]},"6":{"loc":{"start":{"line":109,"column":22},"end":{"line":109,"column":66}},"type":"binary-expr","locations":[{"start":{"line":109,"column":22},"end":{"line":109,"column":42}},{"start":{"line":109,"column":46},"end":{"line":109,"column":66}}]},"7":{"loc":{"start":{"line":133,"column":22},"end":{"line":133,"column":72}},"type":"binary-expr","locations":[{"start":{"line":133,"column":22},"end":{"line":133,"column":42}},{"start":{"line":133,"column":46},"end":{"line":133,"column":72}}]}},"s":{"0":1,"1":1,"2":1,"3":1,"4":1,"5":0,"6":0,"7":0,"8":0,"9":0,"10":0,"11":1,"12":0,"13":0,"14":0,"15":0,"16":0,"17":0,"18":1,"19":0,"20":0,"21":0,"22":0,"23":1,"24":0,"25":0,"26":0,"27":0,"28":1,"29":0,"30":0,"31":0,"32":0,"33":0,"34":0,"35":1,"36":1,"37":1,"38":1,"39":1,"40":1,"41":1,"42":1,"43":1,"44":1,"45":0,"46":0,"47":1,"48":1,"49":1,"50":0,"51":0,"52":0,"53":1,"54":1,"55":1,"56":1,"57":0,"58":0,"59":1,"60":1,"61":1,"62":0,"63":0,"64":1,"65":1,"66":1,"67":1},"f":{"0":0,"1":0,"2":0,"3":0,"4":0,"5":0,"6":0,"7":0,"8":1,"9":1,"10":1,"11":1,"12":1,"13":0,"14":1,"15":0,"16":0,"17":1,"18":1,"19":0,"20":1,"21":0,"22":1},"b":{"0":[0],"1":[0],"2":[0],"3":[0],"4":[0],"5":[1,0],"6":[0,0],"7":[0,0]}}
}
