TN:
SF:src\services\slices\constructorSlice.ts
FN:19,(anonymous_0)
FN:26,(anonymous_1)
FN:30,(anonymous_2)
FN:32,(anonymous_3)
FN:35,(anonymous_4)
FN:43,(anonymous_5)
FN:51,(anonymous_6)
FNF:7
FNH:7
FNDA:9,(anonymous_0)
FNDA:9,(anonymous_1)
FNDA:1,(anonymous_2)
FNDA:1,(anonymous_3)
FNDA:1,(anonymous_4)
FNDA:1,(anonymous_5)
FNDA:1,(anonymous_6)
DA:1,1
DA:9,1
DA:14,1
DA:20,9
DA:21,2
DA:23,7
DA:26,9
DA:31,1
DA:32,1
DA:36,1
DA:37,1
DA:38,1
DA:39,1
DA:40,1
DA:44,1
DA:45,1
DA:46,1
DA:47,1
DA:48,1
DA:52,1
DA:53,1
DA:58,1
DA:66,1
LF:23
LH:23
BRDA:20,0,0,2
BRDA:20,0,1,7
BRDA:37,1,0,1
BRDA:45,2,0,1
BRF:4
BRH:4
end_of_record
TN:
SF:src\services\slices\feedSlice.ts
FN:35,(anonymous_0)
FN:42,(anonymous_1)
FN:51,(anonymous_2)
FN:64,(anonymous_3)
FN:70,(anonymous_4)
FN:73,(anonymous_5)
FN:77,(anonymous_6)
FN:83,(anonymous_7)
FN:87,(anonymous_8)
FN:93,(anonymous_9)
FN:98,(anonymous_10)
FN:103,(anonymous_11)
FN:110,(anonymous_12)
FN:115,(anonymous_13)
FNF:14
FNH:7
FNDA:0,(anonymous_0)
FNDA:0,(anonymous_1)
FNDA:0,(anonymous_2)
FNDA:1,(anonymous_3)
FNDA:1,(anonymous_4)
FNDA:1,(anonymous_5)
FNDA:1,(anonymous_6)
FNDA:0,(anonymous_7)
FNDA:0,(anonymous_8)
FNDA:1,(anonymous_9)
FNDA:0,(anonymous_10)
FNDA:1,(anonymous_11)
FNDA:1,(anonymous_12)
FNDA:0,(anonymous_13)
DA:2,1
DA:3,1
DA:22,1
DA:35,1
DA:36,0
DA:37,0
DA:40,1
DA:43,0
DA:44,0
DA:49,1
DA:52,0
DA:53,0
DA:54,0
DA:56,0
DA:60,1
DA:65,1
DA:66,1
DA:67,1
DA:71,1
DA:74,1
DA:75,1
DA:78,1
DA:79,1
DA:80,1
DA:81,1
DA:84,0
DA:85,0
DA:88,0
DA:89,0
DA:94,1
DA:95,1
DA:99,0
DA:100,0
DA:104,1
DA:105,1
DA:106,1
DA:111,1
DA:112,1
DA:116,0
DA:117,0
DA:118,0
DA:123,1
DA:124,1
LF:43
LH:26
BRDA:53,0,0,0
BRDA:53,1,0,0
BRDA:53,1,1,0
BRDA:85,2,0,0
BRDA:85,2,1,0
BRDA:100,3,0,0
BRDA:100,3,1,0
BRDA:118,4,0,0
BRDA:118,4,1,0
BRF:9
BRH:0
end_of_record
TN:
SF:src\services\slices\ingredientsSlice.ts
FN:19,(anonymous_0)
FN:29,(anonymous_1)
FN:31,(anonymous_2)
FN:37,(anonymous_3)
FN:42,(anonymous_4)
FNF:5
FNH:4
FNDA:0,(anonymous_0)
FNDA:1,(anonymous_1)
FNDA:1,(anonymous_2)
FNDA:1,(anonymous_3)
FNDA:1,(anonymous_4)
DA:1,1
DA:2,1
DA:11,1
DA:17,1
DA:20,0
DA:21,0
DA:25,1
DA:30,1
DA:32,1
DA:33,1
DA:38,1
DA:39,1
DA:43,1
DA:44,1
DA:49,1
LF:15
LH:13
BRDA:44,0,0,1
BRDA:44,0,1,0
BRF:2
BRH:1
end_of_record
TN:
SF:src\services\slices\ordersSlice.ts
FN:19,(anonymous_0)
FN:39,(anonymous_1)
FN:43,(anonymous_2)
FN:45,(anonymous_3)
FN:51,(anonymous_4)
FN:56,(anonymous_5)
FNF:6
FNH:5
FNDA:0,(anonymous_0)
FNDA:1,(anonymous_1)
FNDA:1,(anonymous_2)
FNDA:1,(anonymous_3)
FNDA:1,(anonymous_4)
FNDA:1,(anonymous_5)
DA:1,1
DA:2,1
DA:11,1
DA:17,1
DA:20,0
DA:22,0
DA:31,0
DA:35,1
DA:40,1
DA:44,1
DA:46,1
DA:47,1
DA:52,1
DA:53,1
DA:57,1
DA:58,1
DA:63,1
DA:64,1
LF:18
LH:15
BRDA:58,0,0,1
BRDA:58,0,1,0
BRF:2
BRH:1
end_of_record
TN:
SF:src\services\slices\userSlice.ts
FN:34,(anonymous_0)
FN:44,(anonymous_1)
FN:52,(anonymous_2)
FN:59,(anonymous_3)
FN:65,(anonymous_4)
FN:76,(anonymous_5)
FN:80,(anonymous_6)
FN:82,(anonymous_7)
FN:86,(anonymous_8)
FN:91,(anonymous_9)
FN:95,(anonymous_10)
FN:101,(anonymous_11)
FN:107,(anonymous_12)
FN:111,(anonymous_13)
FN:114,(anonymous_14)
FN:118,(anonymous_15)
FN:122,(anonymous_16)
FN:126,(anonymous_17)
FN:131,(anonymous_18)
FN:135,(anonymous_19)
FNF:20
FNH:10
FNDA:0,(anonymous_0)
FNDA:0,(anonymous_1)
FNDA:0,(anonymous_2)
FNDA:0,(anonymous_3)
FNDA:0,(anonymous_4)
FNDA:1,(anonymous_5)
FNDA:1,(anonymous_6)
FNDA:1,(anonymous_7)
FNDA:1,(anonymous_8)
FNDA:1,(anonymous_9)
FNDA:0,(anonymous_10)
FNDA:1,(anonymous_11)
FNDA:0,(anonymous_12)
FNDA:0,(anonymous_13)
FNDA:1,(anonymous_14)
FNDA:1,(anonymous_15)
FNDA:0,(anonymous_16)
FNDA:1,(anonymous_17)
FNDA:0,(anonymous_18)
FNDA:1,(anonymous_19)
DA:1,1
DA:2,1
DA:12,1
DA:23,1
DA:32,1
DA:35,0
DA:36,0
DA:37,0
DA:38,0
DA:42,1
DA:45,0
DA:46,0
DA:47,0
DA:48,0
DA:52,1
DA:53,0
DA:54,0
DA:57,1
DA:60,0
DA:61,0
DA:65,1
DA:66,0
DA:67,0
DA:68,0
DA:69,0
DA:72,1
DA:77,1
DA:81,1
DA:83,1
DA:84,1
DA:87,1
DA:88,1
DA:89,1
DA:92,1
DA:93,1
DA:96,0
DA:97,0
DA:102,1
DA:103,1
DA:104,1
DA:108,0
DA:109,0
DA:112,0
DA:115,1
DA:116,1
DA:119,1
DA:120,1
DA:123,0
DA:124,0
DA:127,1
DA:128,1
DA:129,1
DA:132,0
DA:133,0
DA:136,1
DA:137,1
DA:142,1
DA:143,1
LF:58
LH:33
BRDA:93,0,0,1
BRDA:93,0,1,0
BRDA:109,1,0,0
BRDA:109,1,1,0
BRDA:133,2,0,0
BRDA:133,2,1,0
BRF:6
BRH:1
end_of_record
