TN:
SF:src\services\slices\constructorSlice.ts
FN:19,(anonymous_2)
FN:26,(anonymous_3)
FN:30,(anonymous_4)
FN:32,(anonymous_5)
FN:35,(anonymous_6)
FN:43,(anonymous_7)
FN:51,(anonymous_8)
FNF:7
FNH:7
FNDA:9,(anonymous_2)
FNDA:9,(anonymous_3)
FNDA:1,(anonymous_4)
FNDA:1,(anonymous_5)
FNDA:1,(anonymous_6)
FNDA:1,(anonymous_7)
FNDA:1,(anonymous_8)
DA:1,1
DA:9,1
DA:14,1
DA:20,9
DA:21,2
DA:23,7
DA:26,9
DA:31,1
DA:32,1
DA:36,1
DA:37,1
DA:38,1
DA:39,1
DA:40,1
DA:44,1
DA:45,1
DA:46,1
DA:47,1
DA:48,1
DA:52,1
DA:53,1
DA:59,1
DA:66,1
LF:23
LH:23
BRDA:20,0,0,2
BRDA:20,0,1,7
BRDA:37,1,0,1
BRDA:45,2,0,1
BRF:4
BRH:4
end_of_record
TN:
SF:src\services\slices\feedSlice.ts
FN:35,(anonymous_13)
FN:42,(anonymous_16)
FN:51,(anonymous_19)
FN:51,(anonymous_20)
FN:64,(anonymous_22)
FN:70,(anonymous_23)
FN:73,(anonymous_24)
FN:77,(anonymous_25)
FN:83,(anonymous_26)
FN:87,(anonymous_27)
FN:93,(anonymous_28)
FN:98,(anonymous_29)
FN:103,(anonymous_30)
FN:110,(anonymous_31)
FN:115,(anonymous_32)
FNF:15
FNH:7
FNDA:0,(anonymous_13)
FNDA:0,(anonymous_16)
FNDA:0,(anonymous_19)
FNDA:0,(anonymous_20)
FNDA:1,(anonymous_22)
FNDA:1,(anonymous_23)
FNDA:1,(anonymous_24)
FNDA:1,(anonymous_25)
FNDA:0,(anonymous_26)
FNDA:0,(anonymous_27)
FNDA:1,(anonymous_28)
FNDA:0,(anonymous_29)
FNDA:1,(anonymous_30)
FNDA:1,(anonymous_31)
FNDA:0,(anonymous_32)
DA:2,1
DA:3,1
DA:22,1
DA:35,1
DA:36,0
DA:37,0
DA:40,1
DA:42,0
DA:43,0
DA:44,0
DA:49,1
DA:51,0
DA:52,0
DA:53,0
DA:54,0
DA:56,0
DA:60,1
DA:65,1
DA:66,1
DA:67,1
DA:71,1
DA:74,1
DA:75,1
DA:78,1
DA:79,1
DA:80,1
DA:81,1
DA:84,0
DA:85,0
DA:88,0
DA:89,0
DA:94,1
DA:95,1
DA:99,0
DA:100,0
DA:104,1
DA:105,1
DA:106,1
DA:111,1
DA:112,1
DA:116,0
DA:117,0
DA:118,0
DA:123,1
DA:124,1
LF:45
LH:26
BRDA:36,0,0,0
BRDA:43,1,0,0
BRDA:52,2,0,0
BRDA:53,3,0,0
BRDA:53,4,0,0
BRDA:53,4,1,0
BRDA:85,5,0,0
BRDA:85,5,1,0
BRDA:100,6,0,0
BRDA:100,6,1,0
BRDA:118,7,0,0
BRDA:118,7,1,0
BRF:12
BRH:0
end_of_record
TN:
SF:src\services\slices\ingredientsSlice.ts
FN:19,(anonymous_13)
FN:29,(anonymous_16)
FN:31,(anonymous_17)
FN:37,(anonymous_18)
FN:42,(anonymous_19)
FNF:5
FNH:4
FNDA:0,(anonymous_13)
FNDA:1,(anonymous_16)
FNDA:1,(anonymous_17)
FNDA:1,(anonymous_18)
FNDA:1,(anonymous_19)
DA:1,1
DA:2,1
DA:11,1
DA:17,1
DA:19,0
DA:20,0
DA:21,0
DA:25,1
DA:30,1
DA:32,1
DA:33,1
DA:38,1
DA:39,1
DA:43,1
DA:44,1
DA:49,1
LF:16
LH:13
BRDA:20,0,0,0
BRDA:44,1,0,1
BRDA:44,1,1,0
BRF:3
BRH:1
end_of_record
TN:
SF:src\services\slices\ordersSlice.ts
FN:19,(anonymous_13)
FN:19,(anonymous_14)
FN:39,(anonymous_16)
FN:43,(anonymous_17)
FN:45,(anonymous_18)
FN:51,(anonymous_19)
FN:56,(anonymous_20)
FNF:7
FNH:5
FNDA:0,(anonymous_13)
FNDA:0,(anonymous_14)
FNDA:1,(anonymous_16)
FNDA:1,(anonymous_17)
FNDA:1,(anonymous_18)
FNDA:1,(anonymous_19)
FNDA:1,(anonymous_20)
DA:1,1
DA:2,1
DA:11,1
DA:17,1
DA:19,0
DA:20,0
DA:22,0
DA:31,0
DA:35,1
DA:40,1
DA:44,1
DA:46,1
DA:47,1
DA:52,1
DA:53,1
DA:57,1
DA:58,1
DA:63,1
DA:64,1
LF:19
LH:15
BRDA:20,0,0,0
BRDA:58,1,0,1
BRDA:58,1,1,0
BRF:3
BRH:1
end_of_record
TN:
SF:src\services\slices\userSlice.ts
FN:34,(anonymous_13)
FN:34,(anonymous_14)
FN:44,(anonymous_16)
FN:44,(anonymous_17)
FN:52,(anonymous_19)
FN:59,(anonymous_22)
FN:59,(anonymous_23)
FN:65,(anonymous_25)
FN:76,(anonymous_28)
FN:80,(anonymous_29)
FN:82,(anonymous_30)
FN:86,(anonymous_31)
FN:91,(anonymous_32)
FN:95,(anonymous_33)
FN:101,(anonymous_34)
FN:107,(anonymous_35)
FN:111,(anonymous_36)
FN:114,(anonymous_37)
FN:118,(anonymous_38)
FN:122,(anonymous_39)
FN:126,(anonymous_40)
FN:131,(anonymous_41)
FN:135,(anonymous_42)
FNF:23
FNH:10
FNDA:0,(anonymous_13)
FNDA:0,(anonymous_14)
FNDA:0,(anonymous_16)
FNDA:0,(anonymous_17)
FNDA:0,(anonymous_19)
FNDA:0,(anonymous_22)
FNDA:0,(anonymous_23)
FNDA:0,(anonymous_25)
FNDA:1,(anonymous_28)
FNDA:1,(anonymous_29)
FNDA:1,(anonymous_30)
FNDA:1,(anonymous_31)
FNDA:1,(anonymous_32)
FNDA:0,(anonymous_33)
FNDA:1,(anonymous_34)
FNDA:0,(anonymous_35)
FNDA:0,(anonymous_36)
FNDA:1,(anonymous_37)
FNDA:1,(anonymous_38)
FNDA:0,(anonymous_39)
FNDA:1,(anonymous_40)
FNDA:0,(anonymous_41)
FNDA:1,(anonymous_42)
DA:1,1
DA:2,1
DA:12,1
DA:23,1
DA:32,1
DA:34,0
DA:35,0
DA:36,0
DA:37,0
DA:38,0
DA:42,1
DA:44,0
DA:45,0
DA:46,0
DA:47,0
DA:48,0
DA:52,1
DA:53,0
DA:54,0
DA:57,1
DA:59,0
DA:60,0
DA:61,0
DA:65,1
DA:66,0
DA:67,0
DA:68,0
DA:69,0
DA:72,1
DA:77,1
DA:81,1
DA:83,1
DA:84,1
DA:87,1
DA:88,1
DA:89,1
DA:92,1
DA:93,1
DA:96,0
DA:97,0
DA:102,1
DA:103,1
DA:104,1
DA:108,0
DA:109,0
DA:112,0
DA:115,1
DA:116,1
DA:119,1
DA:120,1
DA:123,0
DA:124,0
DA:127,1
DA:128,1
DA:129,1
DA:132,0
DA:133,0
DA:136,1
DA:137,1
DA:142,1
DA:143,1
LF:61
LH:33
BRDA:35,0,0,0
BRDA:45,1,0,0
BRDA:53,2,0,0
BRDA:60,3,0,0
BRDA:66,4,0,0
BRDA:93,5,0,1
BRDA:93,5,1,0
BRDA:109,6,0,0
BRDA:109,6,1,0
BRDA:133,7,0,0
BRDA:133,7,1,0
BRF:11
BRH:1
end_of_record
